[2/6/2016 13:41:55] "GET /getview.ru/ HTTP/1.1" 200 - "getview.ru" "Mozilla/5.0 (Windows NT 10.0; WOW64) AppleWebKit/537.36 (KHTML, like Gecko) Chrome/50.0.2661.102 Safari/537.36"
[2/6/2016 13:41:59] "GET /getview.ru/Ss HTTP/1.1" 404 - "getview.ru" "Mozilla/5.0 (Windows NT 10.0; WOW64) AppleWebKit/537.36 (KHTML, like Gecko) Chrome/50.0.2661.102 Safari/537.36"
[2/6/2016 13:42:10] "GET /getview.ru/Ss HTTP/1.1" 404 - "getview.ru" "Mozilla/5.0 (Windows NT 10.0; WOW64) AppleWebKit/537.36 (KHTML, like Gecko) Chrome/50.0.2661.102 Safari/537.36"
[2/6/2016 13:42:18] "GET /getview.ru/Ss HTTP/1.1" 404 - "getview.ru" "Mozilla/5.0 (Windows NT 10.0; WOW64) AppleWebKit/537.36 (KHTML, like Gecko) Chrome/50.0.2661.102 Safari/537.36"
[2/6/2016 13:42:22] "GET /getview.ru/Ss HTTP/1.1" 404 - "getview.ru" "Mozilla/5.0 (Windows NT 10.0; WOW64) AppleWebKit/537.36 (KHTML, like Gecko) Chrome/50.0.2661.102 Safari/537.36"
[2/6/2016 20:30:27] "GET /getview.ru/ HTTP/1.1" 200 - "getview.ru" "Mozilla/5.0 (Windows NT 10.0; WOW64) AppleWebKit/537.36 (KHTML, like Gecko) Chrome/50.0.2661.102 Safari/537.36"
"GET /getview.ru/ HTTP/1.1" 200 - "getview.ru" "Mozilla/5.0 (X11; Ubuntu; Linux x86_64; rv:41.0) Gecko/20100101 Firefox/41.0"
"GET /favicon.ico HTTP/1.1" 404 - "favicon.ico" "Mozilla/5.0 (X11; Ubuntu; Linux x86_64; rv:41.0) Gecko/20100101 Firefox/41.0"
"GET /favicon.ico HTTP/1.1" 404 - "favicon.ico" "Mozilla/5.0 (X11; Ubuntu; Linux x86_64; rv:41.0) Gecko/20100101 Firefox/41.0"
"GET /getview.ru/pages/about.html HTTP/1.1" 401 - "getview.ru" "Mozilla/5.0 (X11; Ubuntu; Linux x86_64; rv:41.0) Gecko/20100101 Firefox/41.0"
"GET /getview.ru/pages/bpg_rioni_arial.otf HTTP/1.1" 404 - "getview.ru" "Mozilla/5.0 (X11; Ubuntu; Linux x86_64; rv:41.0) Gecko/20100101 Firefox/41.0"
"GET /getview.ru/pages/about.html?login=admin&password=admin HTTP/1.1" 200 - "getview.ru" "Mozilla/5.0 (X11; Ubuntu; Linux x86_64; rv:41.0) Gecko/20100101 Firefox/41.0"
"GET /getview.ru/pages/next.html HTTP/1.1" 401 - "getview.ru" "Mozilla/5.0 (X11; Ubuntu; Linux x86_64; rv:41.0) Gecko/20100101 Firefox/41.0"
"GET /getview.ru/pages/bpg_rioni_arial.otf HTTP/1.1" 404 - "getview.ru" "Mozilla/5.0 (X11; Ubuntu; Linux x86_64; rv:41.0) Gecko/20100101 Firefox/41.0"
"GET /getview.ru/pages/next.html?login=admin&password=admin HTTP/1.1" 200 - "getview.ru" "Mozilla/5.0 (X11; Ubuntu; Linux x86_64; rv:41.0) Gecko/20100101 Firefox/41.0"
"GET /getview.ru/index.html HTTP/1.1" 200 - "getview.ru" "Mozilla/5.0 (X11; Ubuntu; Linux x86_64; rv:41.0) Gecko/20100101 Firefox/41.0"
"GET /getview.ru/index.htmlasd HTTP/1.1" 404 - "getview.ru" "Mozilla/5.0 (X11; Ubuntu; Linux x86_64; rv:41.0) Gecko/20100101 Firefox/41.0"
"GET /getview.ru/index.htmlasd HTTP/1.1" 404 - "getview.ru" "Mozilla/5.0 (X11; Ubuntu; Linux x86_64; rv:41.0) Gecko/20100101 Firefox/41.0"
"GET /getview.ru/index.htmlasd HTTP/1.1" 404 - "getview.ru" "Mozilla/5.0 (X11; Ubuntu; Linux x86_64; rv:41.0) Gecko/20100101 Firefox/41.0"
"GET /getview.ru/index.html HTTP/1.1" 200 - "getview.ru" "Mozilla/5.0 (X11; Ubuntu; Linux x86_64; rv:41.0) Gecko/20100101 Firefox/41.0"
"GET /getview.ru/pages/about.html HTTP/1.1" 401 - "getview.ru" "Mozilla/5.0 (X11; Ubuntu; Linux x86_64; rv:41.0) Gecko/20100101 Firefox/41.0"
"GET /getview.ru/pages/bpg_rioni_arial.otf HTTP/1.1" 404 - "getview.ru" "Mozilla/5.0 (X11; Ubuntu; Linux x86_64; rv:41.0) Gecko/20100101 Firefox/41.0"
"GET /getview.ru/pages/about.html?login=admin&password=222 HTTP/1.1" 401 - "getview.ru" "Mozilla/5.0 (X11; Ubuntu; Linux x86_64; rv:41.0) Gecko/20100101 Firefox/41.0"
"GET /getview.ru/pages/bpg_rioni_arial.otf HTTP/1.1" 404 - "getview.ru" "Mozilla/5.0 (X11; Ubuntu; Linux x86_64; rv:41.0) Gecko/20100101 Firefox/41.0"
"GET /getview.ru/pages/about.html?login=admin&password=admin HTTP/1.1" 200 - "getview.ru" "Mozilla/5.0 (X11; Ubuntu; Linux x86_64; rv:41.0) Gecko/20100101 Firefox/41.0"
"GET /getview.ru/index.html HTTP/1.1" 200 - "getview.ru" "Mozilla/5.0 (X11; Ubuntu; Linux x86_64; rv:41.0) Gecko/20100101 Firefox/41.0"
[3/6/2016 21:39:58] "GET /getview.ru/ HTTP/1.1" 200 - "getview.ru" "Mozilla/5.0 (Windows NT 10.0; WOW64) AppleWebKit/537.36 (KHTML, like Gecko) Chrome/50.0.2661.102 Safari/537.36"
[3/6/2016 21:39:59] "GET /getview.ru/ HTTP/1.1" 200 - "getview.ru" "Mozilla/5.0 (Windows NT 10.0; WOW64) AppleWebKit/537.36 (KHTML, like Gecko) Chrome/50.0.2661.102 Safari/537.36"
[3/6/2016 21:40:3] "GET /getview.ru/pages/about.html HTTP/1.1" 401 - "getview.ru" "Mozilla/5.0 (Windows NT 10.0; WOW64) AppleWebKit/537.36 (KHTML, like Gecko) Chrome/50.0.2661.102 Safari/537.36"
[3/6/2016 21:40:7] "GET /getview.ru/pages/about.html?login=admin&password=admin HTTP/1.1" 200 - "getview.ru" "Mozilla/5.0 (Windows NT 10.0; WOW64) AppleWebKit/537.36 (KHTML, like Gecko) Chrome/50.0.2661.102 Safari/537.36"
[3/6/2016 21:40:12] "GET /getview.ru/index.html HTTP/1.1" 200 - "getview.ru" "Mozilla/5.0 (Windows NT 10.0; WOW64) AppleWebKit/537.36 (KHTML, like Gecko) Chrome/50.0.2661.102 Safari/537.36"
[3/6/2016 21:40:19] "GET /goodgame.ru/index.html HTTP/1.1" 200 - "goodgame.ru" "Mozilla/5.0 (Windows NT 10.0; WOW64) AppleWebKit/537.36 (KHTML, like Gecko) Chrome/50.0.2661.102 Safari/537.36"
[3/6/2016 21:40:19] "GET /goodgame.ru/img/bigLogoWithText.png HTTP/1.1" 404 - "goodgame.ru" "Mozilla/5.0 (Windows NT 10.0; WOW64) AppleWebKit/537.36 (KHTML, like Gecko) Chrome/50.0.2661.102 Safari/537.36"
[3/6/2016 21:40:19] "GET /scripts/ajaxupload.3.5.js HTTP/1.1" 404 - "scripts" "Mozilla/5.0 (Windows NT 10.0; WOW64) AppleWebKit/537.36 (KHTML, like Gecko) Chrome/50.0.2661.102 Safari/537.36"
[3/6/2016 21:40:19] "GET /scripts/ajax.js HTTP/1.1" 404 - "scripts" "Mozilla/5.0 (Windows NT 10.0; WOW64) AppleWebKit/537.36 (KHTML, like Gecko) Chrome/50.0.2661.102 Safari/537.36"
[3/6/2016 21:40:58] "GET /getview.ru/index.html HTTP/1.1" 200 - "getview.ru" "Mozilla/5.0 (Windows NT 10.0; WOW64) AppleWebKit/537.36 (KHTML, like Gecko) Chrome/50.0.2661.102 Safari/537.36"
[3/6/2016 21:43:42] "GET /getview.ru/index.html HTTP/1.1" 200 - "getview.ru" "Mozilla/5.0 (Windows NT 10.0; WOW64) AppleWebKit/537.36 (KHTML, like Gecko) Chrome/50.0.2661.102 Safari/537.36"
[3/6/2016 21:43:50] "GET /fitline.ru/ HTTP/1.1" 200 - "fitline.ru" "Mozilla/5.0 (Windows NT 10.0; WOW64) AppleWebKit/537.36 (KHTML, like Gecko) Chrome/50.0.2661.102 Safari/537.36"
[3/6/2016 21:43:50] "GET /fitline.ru/css/style.css HTTP/1.1" 200 - "fitline.ru" "Mozilla/5.0 (Windows NT 10.0; WOW64) AppleWebKit/537.36 (KHTML, like Gecko) Chrome/50.0.2661.102 Safari/537.36"
[3/6/2016 21:43:50] "GET /fitline.ru/js/jquery-1.6.3.min.js HTTP/1.1" 200 - "fitline.ru" "Mozilla/5.0 (Windows NT 10.0; WOW64) AppleWebKit/537.36 (KHTML, like Gecko) Chrome/50.0.2661.102 Safari/537.36"
[3/6/2016 21:43:51] "GET /fitline.ru/js/tabs.js HTTP/1.1" 200 - "fitline.ru" "Mozilla/5.0 (Windows NT 10.0; WOW64) AppleWebKit/537.36 (KHTML, like Gecko) Chrome/50.0.2661.102 Safari/537.36"
[3/6/2016 21:43:51] "GET /fitline.ru/images/page1-img1.jpg HTTP/1.1" 200 - "fitline.ru" "Mozilla/5.0 (Windows NT 10.0; WOW64) AppleWebKit/537.36 (KHTML, like Gecko) Chrome/50.0.2661.102 Safari/537.36"
[3/6/2016 21:46:59] "GET /fitline.ru/ HTTP/1.1" 200 - "fitline.ru" "Mozilla/5.0 (Windows NT 10.0; WOW64) AppleWebKit/537.36 (KHTML, like Gecko) Chrome/50.0.2661.102 Safari/537.36"
[3/6/2016 21:46:59] "GET /fitline.ru/css/style.css HTTP/1.1" 404 - "fitline.ru" "Mozilla/5.0 (Windows NT 10.0; WOW64) AppleWebKit/537.36 (KHTML, like Gecko) Chrome/50.0.2661.102 Safari/537.36"
[3/6/2016 21:46:59] "GET /fitline.ru/css/grid.css HTTP/1.1" 404 - "fitline.ru" "Mozilla/5.0 (Windows NT 10.0; WOW64) AppleWebKit/537.36 (KHTML, like Gecko) Chrome/50.0.2661.102 Safari/537.36"
[3/6/2016 21:46:59] "GET /fitline.ru/js/jquery-1.6.3.min.js HTTP/1.1" 404 - "fitline.ru" "Mozilla/5.0 (Windows NT 10.0; WOW64) AppleWebKit/537.36 (KHTML, like Gecko) Chrome/50.0.2661.102 Safari/537.36"
[3/6/2016 21:46:59] "GET /fitline.ru/js/tabs.js HTTP/1.1" 404 - "fitline.ru" "Mozilla/5.0 (Windows NT 10.0; WOW64) AppleWebKit/537.36 (KHTML, like Gecko) Chrome/50.0.2661.102 Safari/537.36"
[3/6/2016 21:48:23] "GET /getview.ru/ HTTP/1.1" 200 - "getview.ru" "Mozilla/5.0 (Windows NT 10.0; WOW64) AppleWebKit/537.36 (KHTML, like Gecko) Chrome/50.0.2661.102 Safari/537.36"
[3/6/2016 21:50:58] "GET /getview.ru/ HTTP/1.1" 200 - "getview.ru" "Mozilla/5.0 (Windows NT 10.0; WOW64) AppleWebKit/537.36 (KHTML, like Gecko) Chrome/50.0.2661.102 Safari/537.36"
[3/6/2016 21:50:59] "GET /getview.ru/ HTTP/1.1" 200 - "getview.ru" "Mozilla/5.0 (Windows NT 10.0; WOW64) AppleWebKit/537.36 (KHTML, like Gecko) Chrome/50.0.2661.102 Safari/537.36"
[3/6/2016 21:51:6] "GET /getview.ru/ HTTP/1.1" 200 - "getview.ru" "Mozilla/5.0 (Windows NT 10.0; WOW64) AppleWebKit/537.36 (KHTML, like Gecko) Chrome/50.0.2661.102 Safari/537.36"
[3/6/2016 21:51:10] "GET /getview.ru/ HTTP/1.1" 200 - "getview.ru" "Mozilla/5.0 (Windows NT 10.0; WOW64) AppleWebKit/537.36 (KHTML, like Gecko) Chrome/50.0.2661.102 Safari/537.36"
[3/6/2016 21:51:19] "GET /favicon.ico HTTP/1.1" 404 - "favicon.ico" "Mozilla/5.0 (Windows NT 10.0; WOW64) AppleWebKit/537.36 (KHTML, like Gecko) Chrome/50.0.2661.102 Safari/537.36"
[3/6/2016 21:51:26] "GET /getview.ru/ HTTP/1.1" 200 - "getview.ru" "Mozilla/5.0 (Windows NT 10.0; WOW64) AppleWebKit/537.36 (KHTML, like Gecko) Chrome/50.0.2661.102 Safari/537.36"
[3/6/2016 21:51:37] "GET /favicon.ico HTTP/1.1" 404 - "favicon.ico" "Mozilla/5.0 (Windows NT 10.0; WOW64) AppleWebKit/537.36 (KHTML, like Gecko) Chrome/50.0.2661.102 Safari/537.36"
[3/6/2016 21:51:46] "GET /getview.ru/ HTTP/1.1" 200 - "getview.ru" "Mozilla/5.0 (Windows NT 10.0; WOW64) AppleWebKit/537.36 (KHTML, like Gecko) Chrome/50.0.2661.102 Safari/537.36"
[3/6/2016 21:51:56] "GET /favicon.ico HTTP/1.1" 404 - "favicon.ico" "Mozilla/5.0 (Windows NT 10.0; WOW64) AppleWebKit/537.36 (KHTML, like Gecko) Chrome/50.0.2661.102 Safari/537.36"
[3/6/2016 21:52:2] "GET /getview.ru/ HTTP/1.1" 200 - "getview.ru" "Mozilla/5.0 (Windows NT 10.0; WOW64) AppleWebKit/537.36 (KHTML, like Gecko) Chrome/50.0.2661.102 Safari/537.36"
[3/6/2016 21:52:3] "GET /getview.ru/pages/about.html HTTP/1.1" 401 - "getview.ru" "Mozilla/5.0 (Windows NT 10.0; WOW64) AppleWebKit/537.36 (KHTML, like Gecko) Chrome/50.0.2661.102 Safari/537.36"
[3/6/2016 21:53:35] "GET /getview.ru/ HTTP/1.1" 200 - "getview.ru" "Mozilla/5.0 (Windows NT 10.0; WOW64) AppleWebKit/537.36 (KHTML, like Gecko) Chrome/50.0.2661.102 Safari/537.36"
[3/6/2016 21:55:30] "GET /getview.ru/ HTTP/1.1" 200 - "getview.ru" "Mozilla/5.0 (Windows NT 10.0; WOW64) AppleWebKit/537.36 (KHTML, like Gecko) Chrome/50.0.2661.102 Safari/537.36"
[3/6/2016 21:56:10] "GET /getview.ru/ HTTP/1.1" 200 - "getview.ru" "Mozilla/5.0 (Windows NT 10.0; WOW64) AppleWebKit/537.36 (KHTML, like Gecko) Chrome/50.0.2661.102 Safari/537.36"
[3/6/2016 21:56:17] "GET /getview.ru/ HTTP/1.1" 200 - "getview.ru" "Mozilla/5.0 (Windows NT 10.0; WOW64) AppleWebKit/537.36 (KHTML, like Gecko) Chrome/50.0.2661.102 Safari/537.36"
[3/6/2016 21:56:19] "GET /favicon.ico HTTP/1.1" 404 - "favicon.ico" "Mozilla/5.0 (Windows NT 10.0; WOW64) AppleWebKit/537.36 (KHTML, like Gecko) Chrome/50.0.2661.102 Safari/537.36"
[3/6/2016 21:56:53] "GET /getview.ru/css/style.css HTTP/1.1" 404 - "getview.ru" "Mozilla/5.0 (Windows NT 10.0; WOW64) AppleWebKit/537.36 (KHTML, like Gecko) Chrome/50.0.2661.102 Safari/537.36"
[3/6/2016 21:57:10] "GET /getview.ru/css/style.css HTTP/1.1" 404 - "getview.ru" "Mozilla/5.0 (Windows NT 10.0; WOW64) AppleWebKit/537.36 (KHTML, like Gecko) Chrome/50.0.2661.102 Safari/537.36"
[3/6/2016 21:57:41] "GET /getview.ru/css/main.css HTTP/1.1" 404 - "getview.ru" "Mozilla/5.0 (Windows NT 10.0; WOW64) AppleWebKit/537.36 (KHTML, like Gecko) Chrome/50.0.2661.102 Safari/537.36"
[3/6/2016 21:57:59] "GET /getview.ru/ HTTP/1.1" 200 - "getview.ru" "Mozilla/5.0 (Windows NT 10.0; WOW64) AppleWebKit/537.36 (KHTML, like Gecko) Chrome/50.0.2661.102 Safari/537.36"
[3/6/2016 21:58:6] "GET /favicon.ico HTTP/1.1" 404 - "favicon.ico" "Mozilla/5.0 (Windows NT 10.0; WOW64) AppleWebKit/537.36 (KHTML, like Gecko) Chrome/50.0.2661.102 Safari/537.36"
[3/6/2016 21:58:31] "GET /favicon.ico HTTP/1.1" 404 - "favicon.ico" "Mozilla/5.0 (Windows NT 10.0; WOW64) AppleWebKit/537.36 (KHTML, like Gecko) Chrome/50.0.2661.102 Safari/537.36"
[3/6/2016 21:59:17] "GET /fitline.ru HTTP/1.1" 200 - "fitline.ru" "Mozilla/5.0 (Windows NT 10.0; WOW64) AppleWebKit/537.36 (KHTML, like Gecko) Chrome/50.0.2661.102 Safari/537.36"
[3/6/2016 21:59:26] "GET /fitline.ru HTTP/1.1" 200 - "fitline.ru" "Mozilla/5.0 (Windows NT 10.0; WOW64) AppleWebKit/537.36 (KHTML, like Gecko) Chrome/50.0.2661.102 Safari/537.36"
[3/6/2016 21:59:26] "GET /images/page1-img2.jpg HTTP/1.1" 404 - "images" "Mozilla/5.0 (Windows NT 10.0; WOW64) AppleWebKit/537.36 (KHTML, like Gecko) Chrome/50.0.2661.102 Safari/537.36"
[3/6/2016 21:59:26] "GET /images/page1-img3.jpg HTTP/1.1" 404 - "images" "Mozilla/5.0 (Windows NT 10.0; WOW64) AppleWebKit/537.36 (KHTML, like Gecko) Chrome/50.0.2661.102 Safari/537.36"
[3/6/2016 21:59:26] "GET /images/page1-img4.jpg HTTP/1.1" 404 - "images" "Mozilla/5.0 (Windows NT 10.0; WOW64) AppleWebKit/537.36 (KHTML, like Gecko) Chrome/50.0.2661.102 Safari/537.36"
[3/6/2016 21:59:26] "GET /images/page1-img6.jpg HTTP/1.1" 404 - "images" "Mozilla/5.0 (Windows NT 10.0; WOW64) AppleWebKit/537.36 (KHTML, like Gecko) Chrome/50.0.2661.102 Safari/537.36"
[3/6/2016 22:0:25] "GET /fitline.ru HTTP/1.1" 200 - "fitline.ru" "Mozilla/5.0 (Windows NT 10.0; WOW64) AppleWebKit/537.36 (KHTML, like Gecko) Chrome/50.0.2661.102 Safari/537.36"
[3/6/2016 22:0:25] "GET /css/style.css HTTP/1.1" 404 - "css" "Mozilla/5.0 (Windows NT 10.0; WOW64) AppleWebKit/537.36 (KHTML, like Gecko) Chrome/50.0.2661.102 Safari/537.36"
[3/6/2016 22:0:26] "GET /css/grid.css HTTP/1.1" 404 - "css" "Mozilla/5.0 (Windows NT 10.0; WOW64) AppleWebKit/537.36 (KHTML, like Gecko) Chrome/50.0.2661.102 Safari/537.36"
[3/6/2016 22:0:26] "GET /js/jquery-1.6.3.min.js HTTP/1.1" 404 - "js" "Mozilla/5.0 (Windows NT 10.0; WOW64) AppleWebKit/537.36 (KHTML, like Gecko) Chrome/50.0.2661.102 Safari/537.36"
[3/6/2016 22:0:26] "GET /images/page1-img1.jpg HTTP/1.1" 404 - "images" "Mozilla/5.0 (Windows NT 10.0; WOW64) AppleWebKit/537.36 (KHTML, like Gecko) Chrome/50.0.2661.102 Safari/537.36"
[3/6/2016 22:0:35] "GET /getview.ru/ HTTP/1.1" 200 - "getview.ru" "Mozilla/5.0 (Windows NT 10.0; WOW64) AppleWebKit/537.36 (KHTML, like Gecko) Chrome/50.0.2661.102 Safari/537.36"
[3/6/2016 22:0:37] "GET /getview.ru/ HTTP/1.1" 200 - "getview.ru" "Mozilla/5.0 (Windows NT 10.0; WOW64) AppleWebKit/537.36 (KHTML, like Gecko) Chrome/50.0.2661.102 Safari/537.36"
[3/6/2016 22:0:45] "GET /favicon.ico HTTP/1.1" 404 - "favicon.ico" "Mozilla/5.0 (Windows NT 10.0; WOW64) AppleWebKit/537.36 (KHTML, like Gecko) Chrome/50.0.2661.102 Safari/537.36"
[3/6/2016 22:0:48] "GET /getview.ru/ HTTP/1.1" 200 - "getview.ru" "Mozilla/5.0 (Windows NT 10.0; WOW64) AppleWebKit/537.36 (KHTML, like Gecko) Chrome/50.0.2661.102 Safari/537.36"
[3/6/2016 22:0:51] "GET /getview.ru/ HTTP/1.1" 200 - "getview.ru" "Mozilla/5.0 (Windows NT 10.0; WOW64) AppleWebKit/537.36 (KHTML, like Gecko) Chrome/50.0.2661.102 Safari/537.36"
[3/6/2016 22:0:53] "GET /getview.ru/ HTTP/1.1" 200 - "getview.ru" "Mozilla/5.0 (Windows NT 10.0; WOW64) AppleWebKit/537.36 (KHTML, like Gecko) Chrome/50.0.2661.102 Safari/537.36"
[3/6/2016 22:1:3] "GET /getview.ru/ HTTP/1.1" 200 - "getview.ru" "Mozilla/5.0 (Windows NT 10.0; WOW64) AppleWebKit/537.36 (KHTML, like Gecko) Chrome/50.0.2661.102 Safari/537.36"
[3/6/2016 22:1:17] "GET /getview.ru/ HTTP/1.1" 200 - "getview.ru" "Mozilla/5.0 (Windows NT 10.0; WOW64) AppleWebKit/537.36 (KHTML, like Gecko) Chrome/50.0.2661.102 Safari/537.36"
[3/6/2016 22:1:30] "GET /getview.ru/ HTTP/1.1" 200 - "getview.ru" "Mozilla/5.0 (Windows NT 10.0; WOW64) AppleWebKit/537.36 (KHTML, like Gecko) Chrome/50.0.2661.102 Safari/537.36"
[3/6/2016 22:1:45] "GET /getview.ru/ HTTP/1.1" 200 - "getview.ru" "Mozilla/5.0 (Windows NT 10.0; WOW64) AppleWebKit/537.36 (KHTML, like Gecko) Chrome/50.0.2661.102 Safari/537.36"
[3/6/2016 22:1:56] "GET /getview.ru/ HTTP/1.1" 200 - "getview.ru" "Mozilla/5.0 (Windows NT 10.0; WOW64) AppleWebKit/537.36 (KHTML, like Gecko) Chrome/50.0.2661.102 Safari/537.36"
[3/6/2016 22:2:6] "GET /fitline.ru/ HTTP/1.1" 200 - "fitline.ru" "Mozilla/5.0 (Windows NT 10.0; WOW64) AppleWebKit/537.36 (KHTML, like Gecko) Chrome/50.0.2661.102 Safari/537.36"
[3/6/2016 22:2:6] "GET /fitline.ru/css/style.css HTTP/1.1" 404 - "fitline.ru" "Mozilla/5.0 (Windows NT 10.0; WOW64) AppleWebKit/537.36 (KHTML, like Gecko) Chrome/50.0.2661.102 Safari/537.36"
[3/6/2016 22:2:6] "GET /fitline.ru/css/grid.css HTTP/1.1" 404 - "fitline.ru" "Mozilla/5.0 (Windows NT 10.0; WOW64) AppleWebKit/537.36 (KHTML, like Gecko) Chrome/50.0.2661.102 Safari/537.36"
[3/6/2016 22:2:6] "GET /fitline.ru/js/jquery-1.6.3.min.js HTTP/1.1" 404 - "fitline.ru" "Mozilla/5.0 (Windows NT 10.0; WOW64) AppleWebKit/537.36 (KHTML, like Gecko) Chrome/50.0.2661.102 Safari/537.36"
[3/6/2016 22:2:47] "GET /fitline.ru/ HTTP/1.1" 200 - "fitline.ru" "Mozilla/5.0 (Windows NT 10.0; WOW64) AppleWebKit/537.36 (KHTML, like Gecko) Chrome/50.0.2661.102 Safari/537.36"
[3/6/2016 22:2:48] "GET /fitline.ru/images/page1-img2.jpg HTTP/1.1" 404 - "fitline.ru" "Mozilla/5.0 (Windows NT 10.0; WOW64) AppleWebKit/537.36 (KHTML, like Gecko) Chrome/50.0.2661.102 Safari/537.36"
[3/6/2016 22:2:48] "GET /fitline.ru/images/page1-img3.jpg HTTP/1.1" 404 - "fitline.ru" "Mozilla/5.0 (Windows NT 10.0; WOW64) AppleWebKit/537.36 (KHTML, like Gecko) Chrome/50.0.2661.102 Safari/537.36"
[3/6/2016 22:2:48] "GET /fitline.ru/images/page1-img4.jpg HTTP/1.1" 404 - "fitline.ru" "Mozilla/5.0 (Windows NT 10.0; WOW64) AppleWebKit/537.36 (KHTML, like Gecko) Chrome/50.0.2661.102 Safari/537.36"
[3/6/2016 22:2:48] "GET /images/button-marker.png HTTP/1.1" 404 - "images" "Mozilla/5.0 (Windows NT 10.0; WOW64) AppleWebKit/537.36 (KHTML, like Gecko) Chrome/50.0.2661.102 Safari/537.36"
[3/6/2016 22:2:48] "GET /images/button-tail.gif HTTP/1.1" 404 - "images" "Mozilla/5.0 (Windows NT 10.0; WOW64) AppleWebKit/537.36 (KHTML, like Gecko) Chrome/50.0.2661.102 Safari/537.36"
[3/6/2016 22:5:49] "GET /fitline.ru/ HTTP/1.1" 200 - "fitline.ru" "Mozilla/5.0 (Windows NT 10.0; WOW64) AppleWebKit/537.36 (KHTML, like Gecko) Chrome/50.0.2661.102 Safari/537.36"
[3/6/2016 22:5:49] "GET /fitline.ru/images/page1-img6.jpg HTTP/1.1" 404 - "fitline.ru" "Mozilla/5.0 (Windows NT 10.0; WOW64) AppleWebKit/537.36 (KHTML, like Gecko) Chrome/50.0.2661.102 Safari/537.36"
[3/6/2016 22:5:49] "GET /fitline.ru/images/page1-img5.jpg HTTP/1.1" 404 - "fitline.ru" "Mozilla/5.0 (Windows NT 10.0; WOW64) AppleWebKit/537.36 (KHTML, like Gecko) Chrome/50.0.2661.102 Safari/537.36"
[3/6/2016 22:5:49] "GET /fitline.ru/images/page1-img4.jpg HTTP/1.1" 404 - "fitline.ru" "Mozilla/5.0 (Windows NT 10.0; WOW64) AppleWebKit/537.36 (KHTML, like Gecko) Chrome/50.0.2661.102 Safari/537.36"
[3/6/2016 22:5:49] "GET /fitline.ru/images/page1-img3.jpg HTTP/1.1" 404 - "fitline.ru" "Mozilla/5.0 (Windows NT 10.0; WOW64) AppleWebKit/537.36 (KHTML, like Gecko) Chrome/50.0.2661.102 Safari/537.36"
[3/6/2016 22:5:49] "GET /fitline.ru/images/page1-img2.jpg HTTP/1.1" 404 - "fitline.ru" "Mozilla/5.0 (Windows NT 10.0; WOW64) AppleWebKit/537.36 (KHTML, like Gecko) Chrome/50.0.2661.102 Safari/537.36"
[3/6/2016 23:22:54] "GET /getview.ru/ HTTP/1.1" 200 - "getview.ru" "Mozilla/5.0 (Windows NT 10.0; WOW64) AppleWebKit/537.36 (KHTML, like Gecko) Chrome/50.0.2661.102 Safari/537.36"
[3/6/2016 23:23:14] "GET /getview.ru/ HTTP/1.1" 200 - "getview.ru" "Mozilla/5.0 (Windows NT 10.0; WOW64) AppleWebKit/537.36 (KHTML, like Gecko) Chrome/50.0.2661.102 Safari/537.36"
[3/6/2016 23:37:30] "GET /getview.ru/pages/about.html HTTP/1.1" 401 - "getview.ru" "Mozilla/5.0 (Windows NT 10.0; WOW64) AppleWebKit/537.36 (KHTML, like Gecko) Chrome/50.0.2661.102 Safari/537.36"
[3/6/2016 23:46:6] "GET /getview.ru/ HTTP/1.1" 200 - "getview.ru" "Mozilla/5.0 (Windows NT 10.0; WOW64) AppleWebKit/537.36 (KHTML, like Gecko) Chrome/50.0.2661.102 Safari/537.36"
[3/6/2016 23:46:8] "GET /getview.ru/pages/about.html HTTP/1.1" 401 - "getview.ru" "Mozilla/5.0 (Windows NT 10.0; WOW64) AppleWebKit/537.36 (KHTML, like Gecko) Chrome/50.0.2661.102 Safari/537.36"
[3/6/2016 23:55:0] "GET /getview.ru/pages/about.html?login=admin&password=admin HTTP/1.1" 200 - "getview.ru" "Mozilla/5.0 (Windows NT 10.0; WOW64) AppleWebKit/537.36 (KHTML, like Gecko) Chrome/50.0.2661.102 Safari/537.36"
[4/6/2016 0:4:48] "GET /getview.ru/pages/about.html HTTP/1.1" 401 - "getview.ru" "Mozilla/5.0 (Windows NT 10.0; WOW64) AppleWebKit/537.36 (KHTML, like Gecko) Chrome/50.0.2661.102 Safari/537.36"
[4/6/2016 0:4:56] "GET /getview.ru/pages/about.html?login=superUser&password=123456 HTTP/1.1" 200 - "getview.ru" "Mozilla/5.0 (Windows NT 10.0; WOW64) AppleWebKit/537.36 (KHTML, like Gecko) Chrome/50.0.2661.102 Safari/537.36"
[4/6/2016 0:19:16] "GET /getview.ru/pages/unknown.html HTTP/1.1" 404 - "getview.ru" "Mozilla/5.0 (Windows NT 10.0; WOW64) AppleWebKit/537.36 (KHTML, like Gecko) Chrome/50.0.2661.102 Safari/537.36"
[4/6/2016 10:22:43] "GET /getview.ru/ HTTP/1.1" 200 - "getview.ru" "Mozilla/5.0 (Windows NT 10.0; WOW64) AppleWebKit/537.36 (KHTML, like Gecko) Chrome/50.0.2661.102 Safari/537.36"
[4/6/2016 10:25:34] "GET /getview.ru/ HTTP/1.1" 200 - "getview.ru" "Mozilla/5.0 (Windows NT 10.0; WOW64) AppleWebKit/537.36 (KHTML, like Gecko) Chrome/50.0.2661.102 Safari/537.36"
[4/6/2016 10:41:30] "GET /getview.ru/ HTTP/1.1" 200 - "getview.ru" "Mozilla/5.0 (Windows NT 10.0; WOW64) AppleWebKit/537.36 (KHTML, like Gecko) Chrome/50.0.2661.102 Safari/537.36"
[4/6/2016 10:41:32] "GET /getview.ru/pages/about.html HTTP/1.1" 401 - "getview.ru" "Mozilla/5.0 (Windows NT 10.0; WOW64) AppleWebKit/537.36 (KHTML, like Gecko) Chrome/50.0.2661.102 Safari/537.36"
[4/6/2016 10:41:39] "GET /getview.ru/pages/about.html?login=admin&password=admin HTTP/1.1" 200 - "getview.ru" "Mozilla/5.0 (Windows NT 10.0; WOW64) AppleWebKit/537.36 (KHTML, like Gecko) Chrome/50.0.2661.102 Safari/537.36"
[4/6/2016 10:41:42] "GET /getview.ru/index.html HTTP/1.1" 200 - "getview.ru" "Mozilla/5.0 (Windows NT 10.0; WOW64) AppleWebKit/537.36 (KHTML, like Gecko) Chrome/50.0.2661.102 Safari/537.36"
[4/6/2016 10:42:27] "GET /getview.ru/index.html HTTP/1.1" 200 - "getview.ru" "Mozilla/5.0 (Windows NT 10.0; WOW64) AppleWebKit/537.36 (KHTML, like Gecko) Chrome/50.0.2661.102 Safari/537.36"
[4/6/2016 10:42:28] "GET /getview.ru/index.html HTTP/1.1" 200 - "getview.ru" "Mozilla/5.0 (Windows NT 10.0; WOW64) AppleWebKit/537.36 (KHTML, like Gecko) Chrome/50.0.2661.102 Safari/537.36"
[4/6/2016 10:42:44] "GET /getview.ru/index.html HTTP/1.1" 200 - "getview.ru" "Mozilla/5.0 (Windows NT 10.0; WOW64) AppleWebKit/537.36 (KHTML, like Gecko) Chrome/50.0.2661.102 Safari/537.36"
[4/6/2016 10:43:9] "GET /getview.ru/index.html HTTP/1.1" 200 - "getview.ru" "Mozilla/5.0 (Windows NT 10.0; WOW64) AppleWebKit/537.36 (KHTML, like Gecko) Chrome/50.0.2661.102 Safari/537.36"
[4/6/2016 10:43:14] "GET /getview.ru/index.html HTTP/1.1" 200 - "getview.ru" "Mozilla/5.0 (Windows NT 10.0; WOW64) AppleWebKit/537.36 (KHTML, like Gecko) Chrome/50.0.2661.102 Safari/537.36"
[4/6/2016 10:43:17] "GET /getview.ru/index.html HTTP/1.1" 200 - "getview.ru" "Mozilla/5.0 (Windows NT 10.0; WOW64) AppleWebKit/537.36 (KHTML, like Gecko) Chrome/50.0.2661.102 Safari/537.36"
[4/6/2016 10:43:27] "GET /getview.ru/index.html HTTP/1.1" 200 - "getview.ru" "Mozilla/5.0 (Windows NT 10.0; WOW64) AppleWebKit/537.36 (KHTML, like Gecko) Chrome/50.0.2661.102 Safari/537.36"
[4/6/2016 10:43:28] "GET / HTTP/1.1" 404 - "" "Mozilla/5.0 (Windows NT 10.0; WOW64) AppleWebKit/537.36 (KHTML, like Gecko) Chrome/50.0.2661.102 Safari/537.36"
[4/6/2016 10:43:30] "GET /favicon.ico HTTP/1.1" 404 - "favicon.ico" "Mozilla/5.0 (Windows NT 10.0; WOW64) AppleWebKit/537.36 (KHTML, like Gecko) Chrome/50.0.2661.102 Safari/537.36"
[4/6/2016 10:43:41] "GET /getview.ru/index.html HTTP/1.1" 200 - "getview.ru" "Mozilla/5.0 (Windows NT 10.0; WOW64) AppleWebKit/537.36 (KHTML, like Gecko) Chrome/50.0.2661.102 Safari/537.36"
[4/6/2016 10:43:46] "GET /getview.ru HTTP/1.1" 200 - "getview.ru" "Mozilla/5.0 (Windows NT 10.0; WOW64) AppleWebKit/537.36 (KHTML, like Gecko) Chrome/50.0.2661.102 Safari/537.36"
[4/6/2016 10:43:47] "GET /getview.ru HTTP/1.1" 200 - "getview.ru" "Mozilla/5.0 (Windows NT 10.0; WOW64) AppleWebKit/537.36 (KHTML, like Gecko) Chrome/50.0.2661.102 Safari/537.36"
[4/6/2016 10:43:55] "GET /pages/about.html HTTP/1.1" 404 - "pages" "Mozilla/5.0 (Windows NT 10.0; WOW64) AppleWebKit/537.36 (KHTML, like Gecko) Chrome/50.0.2661.102 Safari/537.36"
[4/6/2016 10:43:58] "GET /favicon.ico HTTP/1.1" 404 - "favicon.ico" "Mozilla/5.0 (Windows NT 10.0; WOW64) AppleWebKit/537.36 (KHTML, like Gecko) Chrome/50.0.2661.102 Safari/537.36"
[4/6/2016 10:44:3] "GET /pages/about.html HTTP/1.1" 404 - "pages" "Mozilla/5.0 (Windows NT 10.0; WOW64) AppleWebKit/537.36 (KHTML, like Gecko) Chrome/50.0.2661.102 Safari/537.36"
[4/6/2016 10:44:5] "GET /favicon.ico HTTP/1.1" 404 - "favicon.ico" "Mozilla/5.0 (Windows NT 10.0; WOW64) AppleWebKit/537.36 (KHTML, like Gecko) Chrome/50.0.2661.102 Safari/537.36"
[4/6/2016 10:44:11] "GET /getview.ru HTTP/1.1" 200 - "getview.ru" "Mozilla/5.0 (Windows NT 10.0; WOW64) AppleWebKit/537.36 (KHTML, like Gecko) Chrome/50.0.2661.102 Safari/537.36"
[4/6/2016 10:44:12] "GET /getview.ru/ HTTP/1.1" 200 - "getview.ru" "Mozilla/5.0 (Windows NT 10.0; WOW64) AppleWebKit/537.36 (KHTML, like Gecko) Chrome/50.0.2661.102 Safari/537.36"
[4/6/2016 10:44:14] "GET /getview.ru/pages/about.html HTTP/1.1" 401 - "getview.ru" "Mozilla/5.0 (Windows NT 10.0; WOW64) AppleWebKit/537.36 (KHTML, like Gecko) Chrome/50.0.2661.102 Safari/537.36"
[4/6/2016 10:44:20] "GET /getview.ru/pages/about.html?login=admin&password=admin HTTP/1.1" 200 - "getview.ru" "Mozilla/5.0 (Windows NT 10.0; WOW64) AppleWebKit/537.36 (KHTML, like Gecko) Chrome/50.0.2661.102 Safari/537.36"
[4/6/2016 10:44:28] "GET / HTTP/1.1" 404 - "" "Mozilla/5.0 (Windows NT 10.0; WOW64) AppleWebKit/537.36 (KHTML, like Gecko) Chrome/50.0.2661.102 Safari/537.36"
[4/6/2016 10:44:31] "GET /favicon.ico HTTP/1.1" 404 - "favicon.ico" "Mozilla/5.0 (Windows NT 10.0; WOW64) AppleWebKit/537.36 (KHTML, like Gecko) Chrome/50.0.2661.102 Safari/537.36"
[4/6/2016 10:44:34] "GET / HTTP/1.1" 404 - "" "Mozilla/5.0 (Windows NT 10.0; WOW64) AppleWebKit/537.36 (KHTML, like Gecko) Chrome/50.0.2661.102 Safari/537.36"
[4/6/2016 10:44:36] "GET /favicon.ico HTTP/1.1" 404 - "favicon.ico" "Mozilla/5.0 (Windows NT 10.0; WOW64) AppleWebKit/537.36 (KHTML, like Gecko) Chrome/50.0.2661.102 Safari/537.36"
[4/6/2016 10:44:52] "GET / HTTP/1.1" 404 - "" "Mozilla/5.0 (Windows NT 10.0; WOW64) AppleWebKit/537.36 (KHTML, like Gecko) Chrome/50.0.2661.102 Safari/537.36"
[4/6/2016 10:44:53] "GET /getview.ru/pages/about.html?login=admin&password=admin HTTP/1.1" 200 - "getview.ru" "Mozilla/5.0 (Windows NT 10.0; WOW64) AppleWebKit/537.36 (KHTML, like Gecko) Chrome/50.0.2661.102 Safari/537.36"
[4/6/2016 10:44:55] "GET /getview.ru/pages/about.html?login=admin&password=admin HTTP/1.1" 200 - "getview.ru" "Mozilla/5.0 (Windows NT 10.0; WOW64) AppleWebKit/537.36 (KHTML, like Gecko) Chrome/50.0.2661.102 Safari/537.36"
[4/6/2016 10:44:59] "GET /getview.ru/ HTTP/1.1" 200 - "getview.ru" "Mozilla/5.0 (Windows NT 10.0; WOW64) AppleWebKit/537.36 (KHTML, like Gecko) Chrome/50.0.2661.102 Safari/537.36"
[4/6/2016 10:45:1] "GET /getview.ru/pages/about.html HTTP/1.1" 401 - "getview.ru" "Mozilla/5.0 (Windows NT 10.0; WOW64) AppleWebKit/537.36 (KHTML, like Gecko) Chrome/50.0.2661.102 Safari/537.36"
[4/6/2016 10:45:5] "GET /getview.ru/pages/about.html?login=admin&password=admin HTTP/1.1" 200 - "getview.ru" "Mozilla/5.0 (Windows NT 10.0; WOW64) AppleWebKit/537.36 (KHTML, like Gecko) Chrome/50.0.2661.102 Safari/537.36"
[4/6/2016 10:45:21] "GET /getview.ru/pages/about.html?login=admin&password=admin HTTP/1.1" 200 - "getview.ru" "Mozilla/5.0 (Windows NT 10.0; WOW64) AppleWebKit/537.36 (KHTML, like Gecko) Chrome/50.0.2661.102 Safari/537.36"
[4/6/2016 10:45:55] "GET /getview.ru/pages/about.html?login=admin&password=admin HTTP/1.1" 200 - "getview.ru" "Mozilla/5.0 (Windows NT 10.0; WOW64) AppleWebKit/537.36 (KHTML, like Gecko) Chrome/50.0.2661.102 Safari/537.36"
[4/6/2016 10:45:59] "GET /getview.ru/pages/about.html?login=admin&password=admin HTTP/1.1" 200 - "getview.ru" "Mozilla/5.0 (Windows NT 10.0; WOW64) AppleWebKit/537.36 (KHTML, like Gecko) Chrome/50.0.2661.102 Safari/537.36"
[4/6/2016 10:46:4] "GET /getview.ru/pages/about.html?login=admin&password=admin HTTP/1.1" 200 - "getview.ru" "Mozilla/5.0 (Windows NT 10.0; WOW64) AppleWebKit/537.36 (KHTML, like Gecko) Chrome/50.0.2661.102 Safari/537.36"
[4/6/2016 10:46:18] "GET /getview.ru/pages/about.html?login=admin&password=admin HTTP/1.1" 200 - "getview.ru" "Mozilla/5.0 (Windows NT 10.0; WOW64) AppleWebKit/537.36 (KHTML, like Gecko) Chrome/50.0.2661.102 Safari/537.36"
[4/6/2016 10:46:30] "GET /getview.ru/pages/about.html?login=admin&password=admin HTTP/1.1" 200 - "getview.ru" "Mozilla/5.0 (Windows NT 10.0; WOW64) AppleWebKit/537.36 (KHTML, like Gecko) Chrome/50.0.2661.102 Safari/537.36"
[4/6/2016 10:46:39] "GET /getview.ru/pages/about.html?login=admin&password=admin HTTP/1.1" 200 - "getview.ru" "Mozilla/5.0 (Windows NT 10.0; WOW64) AppleWebKit/537.36 (KHTML, like Gecko) Chrome/50.0.2661.102 Safari/537.36"
[4/6/2016 10:47:4] "GET /getview.ru/pages/about.html?login=admin&password=admin HTTP/1.1" 200 - "getview.ru" "Mozilla/5.0 (Windows NT 10.0; WOW64) AppleWebKit/537.36 (KHTML, like Gecko) Chrome/50.0.2661.102 Safari/537.36"
[4/6/2016 10:47:25] "GET /getview.ru/pages/about.html?login=admin&password=admin HTTP/1.1" 200 - "getview.ru" "Mozilla/5.0 (Windows NT 10.0; WOW64) AppleWebKit/537.36 (KHTML, like Gecko) Chrome/50.0.2661.102 Safari/537.36"
[4/6/2016 10:47:30] "GET /getview.ru/pages/about.html?login=admin&password=admin HTTP/1.1" 200 - "getview.ru" "Mozilla/5.0 (Windows NT 10.0; WOW64) AppleWebKit/537.36 (KHTML, like Gecko) Chrome/50.0.2661.102 Safari/537.36"
[4/6/2016 10:47:36] "GET /getview.ru/pages/about.html?login=admin&password=admin HTTP/1.1" 200 - "getview.ru" "Mozilla/5.0 (Windows NT 10.0; WOW64) AppleWebKit/537.36 (KHTML, like Gecko) Chrome/50.0.2661.102 Safari/537.36"
[4/6/2016 10:47:41] "GET /getview.ru/pages/about.html?login=admin&password=admin HTTP/1.1" 200 - "getview.ru" "Mozilla/5.0 (Windows NT 10.0; WOW64) AppleWebKit/537.36 (KHTML, like Gecko) Chrome/50.0.2661.102 Safari/537.36"
[4/6/2016 10:47:44] "GET /getview.ru/pages/about.html?login=admin&password=admin HTTP/1.1" 200 - "getview.ru" "Mozilla/5.0 (Windows NT 10.0; WOW64) AppleWebKit/537.36 (KHTML, like Gecko) Chrome/50.0.2661.102 Safari/537.36"
[4/6/2016 10:47:48] "GET /getview.ru/pages/about.html?login=admin&password=admin HTTP/1.1" 200 - "getview.ru" "Mozilla/5.0 (Windows NT 10.0; WOW64) AppleWebKit/537.36 (KHTML, like Gecko) Chrome/50.0.2661.102 Safari/537.36"
[4/6/2016 10:48:1] "GET /getview.ru/pages/about.html?login=admin&password=admin HTTP/1.1" 200 - "getview.ru" "Mozilla/5.0 (Windows NT 10.0; WOW64) AppleWebKit/537.36 (KHTML, like Gecko) Chrome/50.0.2661.102 Safari/537.36"
[4/6/2016 10:48:16] "GET /getview.ru/pages/about.html?login=admin&password=admin HTTP/1.1" 200 - "getview.ru" "Mozilla/5.0 (Windows NT 10.0; WOW64) AppleWebKit/537.36 (KHTML, like Gecko) Chrome/50.0.2661.102 Safari/537.36"
[4/6/2016 10:48:19] "GET /getview.ru/pages/pages/contacts.html HTTP/1.1" 404 - "getview.ru" "Mozilla/5.0 (Windows NT 10.0; WOW64) AppleWebKit/537.36 (KHTML, like Gecko) Chrome/50.0.2661.102 Safari/537.36"
[4/6/2016 10:48:22] "GET /favicon.ico HTTP/1.1" 404 - "favicon.ico" "Mozilla/5.0 (Windows NT 10.0; WOW64) AppleWebKit/537.36 (KHTML, like Gecko) Chrome/50.0.2661.102 Safari/537.36"
[4/6/2016 10:49:9] "GET /getview.ru/pages/pages/about.html HTTP/1.1" 401 - "getview.ru" "Mozilla/5.0 (Windows NT 10.0; WOW64) AppleWebKit/537.36 (KHTML, like Gecko) Chrome/50.0.2661.102 Safari/537.36"
[4/6/2016 10:49:15] "GET /getview.ru/pages/about.html?login=admin&password=admin HTTP/1.1" 200 - "getview.ru" "Mozilla/5.0 (Windows NT 10.0; WOW64) AppleWebKit/537.36 (KHTML, like Gecko) Chrome/50.0.2661.102 Safari/537.36"
[4/6/2016 10:49:23] "GET /pages/about.html HTTP/1.1" 404 - "pages" "Mozilla/5.0 (Windows NT 10.0; WOW64) AppleWebKit/537.36 (KHTML, like Gecko) Chrome/50.0.2661.102 Safari/537.36"
[4/6/2016 10:49:26] "GET /favicon.ico HTTP/1.1" 404 - "favicon.ico" "Mozilla/5.0 (Windows NT 10.0; WOW64) AppleWebKit/537.36 (KHTML, like Gecko) Chrome/50.0.2661.102 Safari/537.36"
[4/6/2016 10:49:29] "GET /pages/about.html HTTP/1.1" 404 - "pages" "Mozilla/5.0 (Windows NT 10.0; WOW64) AppleWebKit/537.36 (KHTML, like Gecko) Chrome/50.0.2661.102 Safari/537.36"
[4/6/2016 10:49:30] "GET /favicon.ico HTTP/1.1" 404 - "favicon.ico" "Mozilla/5.0 (Windows NT 10.0; WOW64) AppleWebKit/537.36 (KHTML, like Gecko) Chrome/50.0.2661.102 Safari/537.36"
[4/6/2016 10:49:42] "GET /getview.ru/pages/about.html?login=admin&password=admin HTTP/1.1" 200 - "getview.ru" "Mozilla/5.0 (Windows NT 10.0; WOW64) AppleWebKit/537.36 (KHTML, like Gecko) Chrome/50.0.2661.102 Safari/537.36"
[4/6/2016 10:49:48] "GET /getview.ru/pages/about.html?login=admin&password=admin HTTP/1.1" 200 - "getview.ru" "Mozilla/5.0 (Windows NT 10.0; WOW64) AppleWebKit/537.36 (KHTML, like Gecko) Chrome/50.0.2661.102 Safari/537.36"
[4/6/2016 10:49:52] "GET /getview.ru/pages/about.html?login=admin&password=admin HTTP/1.1" 200 - "getview.ru" "Mozilla/5.0 (Windows NT 10.0; WOW64) AppleWebKit/537.36 (KHTML, like Gecko) Chrome/50.0.2661.102 Safari/537.36"
[4/6/2016 10:49:54] "GET /getview.ru/ HTTP/1.1" 200 - "getview.ru" "Mozilla/5.0 (Windows NT 10.0; WOW64) AppleWebKit/537.36 (KHTML, like Gecko) Chrome/50.0.2661.102 Safari/537.36"
[4/6/2016 10:49:59] "GET /getview.ru/pages/about.html HTTP/1.1" 401 - "getview.ru" "Mozilla/5.0 (Windows NT 10.0; WOW64) AppleWebKit/537.36 (KHTML, like Gecko) Chrome/50.0.2661.102 Safari/537.36"
[4/6/2016 10:50:6] "GET /getview.ru/pages/about.html?login=superUser&password=123456 HTTP/1.1" 401 - "getview.ru" "Mozilla/5.0 (Windows NT 10.0; WOW64) AppleWebKit/537.36 (KHTML, like Gecko) Chrome/50.0.2661.102 Safari/537.36"
[4/6/2016 10:50:10] "GET /getview.ru/pages/about.html?login=admin&password=admin HTTP/1.1" 200 - "getview.ru" "Mozilla/5.0 (Windows NT 10.0; WOW64) AppleWebKit/537.36 (KHTML, like Gecko) Chrome/50.0.2661.102 Safari/537.36"
[4/6/2016 10:50:13] "GET /getview.ru/pages/contacts.html HTTP/1.1" 200 - "getview.ru" "Mozilla/5.0 (Windows NT 10.0; WOW64) AppleWebKit/537.36 (KHTML, like Gecko) Chrome/50.0.2661.102 Safari/537.36"
[4/6/2016 10:50:17] "GET /getview.ru/pages/pages/contacts.html HTTP/1.1" 404 - "getview.ru" "Mozilla/5.0 (Windows NT 10.0; WOW64) AppleWebKit/537.36 (KHTML, like Gecko) Chrome/50.0.2661.102 Safari/537.36"
[4/6/2016 10:50:19] "GET /favicon.ico HTTP/1.1" 404 - "favicon.ico" "Mozilla/5.0 (Windows NT 10.0; WOW64) AppleWebKit/537.36 (KHTML, like Gecko) Chrome/50.0.2661.102 Safari/537.36"
[4/6/2016 10:50:53] "GET /getview.ru/ HTTP/1.1" 200 - "getview.ru" "Mozilla/5.0 (Windows NT 10.0; WOW64) AppleWebKit/537.36 (KHTML, like Gecko) Chrome/50.0.2661.102 Safari/537.36"
[4/6/2016 10:50:54] "GET /getview.ru/pages/contacts.html HTTP/1.1" 200 - "getview.ru" "Mozilla/5.0 (Windows NT 10.0; WOW64) AppleWebKit/537.36 (KHTML, like Gecko) Chrome/50.0.2661.102 Safari/537.36"
[4/6/2016 10:51:9] "GET /getview.ru/pages/contacts.html HTTP/1.1" 200 - "getview.ru" "Mozilla/5.0 (Windows NT 10.0; WOW64) AppleWebKit/537.36 (KHTML, like Gecko) Chrome/50.0.2661.102 Safari/537.36"
[4/6/2016 10:51:24] "GET /getview.ru/pages/contacts.html HTTP/1.1" 200 - "getview.ru" "Mozilla/5.0 (Windows NT 10.0; WOW64) AppleWebKit/537.36 (KHTML, like Gecko) Chrome/50.0.2661.102 Safari/537.36"
[4/6/2016 10:51:28] "GET /getview.ru/pages/pages/contacts.html HTTP/1.1" 404 - "getview.ru" "Mozilla/5.0 (Windows NT 10.0; WOW64) AppleWebKit/537.36 (KHTML, like Gecko) Chrome/50.0.2661.102 Safari/537.36"
[4/6/2016 10:51:31] "GET /favicon.ico HTTP/1.1" 404 - "favicon.ico" "Mozilla/5.0 (Windows NT 10.0; WOW64) AppleWebKit/537.36 (KHTML, like Gecko) Chrome/50.0.2661.102 Safari/537.36"
[4/6/2016 10:51:36] "GET /getview.ru/ HTTP/1.1" 200 - "getview.ru" "Mozilla/5.0 (Windows NT 10.0; WOW64) AppleWebKit/537.36 (KHTML, like Gecko) Chrome/50.0.2661.102 Safari/537.36"
[4/6/2016 10:51:38] "GET /getview.ru/pages/contacts.html HTTP/1.1" 200 - "getview.ru" "Mozilla/5.0 (Windows NT 10.0; WOW64) AppleWebKit/537.36 (KHTML, like Gecko) Chrome/50.0.2661.102 Safari/537.36"
[4/6/2016 10:52:7] "GET /getview.ru/pages/contacts.html HTTP/1.1" 200 - "getview.ru" "Mozilla/5.0 (Windows NT 10.0; WOW64) AppleWebKit/537.36 (KHTML, like Gecko) Chrome/50.0.2661.102 Safari/537.36"
[4/6/2016 10:52:27] "GET /getview.ru/pages/contacts.html HTTP/1.1" 200 - "getview.ru" "Mozilla/5.0 (Windows NT 10.0; WOW64) AppleWebKit/537.36 (KHTML, like Gecko) Chrome/50.0.2661.102 Safari/537.36"
[4/6/2016 10:52:36] "GET /getview.ru/pages/contacts.html HTTP/1.1" 200 - "getview.ru" "Mozilla/5.0 (Windows NT 10.0; WOW64) AppleWebKit/537.36 (KHTML, like Gecko) Chrome/50.0.2661.102 Safari/537.36"
[4/6/2016 10:52:48] "GET /getview.ru/pages/contacts.html HTTP/1.1" 200 - "getview.ru" "Mozilla/5.0 (Windows NT 10.0; WOW64) AppleWebKit/537.36 (KHTML, like Gecko) Chrome/50.0.2661.102 Safari/537.36"
[4/6/2016 10:52:54] "GET /getview.ru/pages/contacts.html HTTP/1.1" 200 - "getview.ru" "Mozilla/5.0 (Windows NT 10.0; WOW64) AppleWebKit/537.36 (KHTML, like Gecko) Chrome/50.0.2661.102 Safari/537.36"
[4/6/2016 10:52:55] "GET /getview.ru/ HTTP/1.1" 200 - "getview.ru" "Mozilla/5.0 (Windows NT 10.0; WOW64) AppleWebKit/537.36 (KHTML, like Gecko) Chrome/50.0.2661.102 Safari/537.36"
[4/6/2016 10:52:57] "GET /getview.ru/pages/about.html HTTP/1.1" 401 - "getview.ru" "Mozilla/5.0 (Windows NT 10.0; WOW64) AppleWebKit/537.36 (KHTML, like Gecko) Chrome/50.0.2661.102 Safari/537.36"
[4/6/2016 10:53:36] "GET /getview.ru/pages/about.html?login=superUser&password=123456 HTTP/1.1" 200 - "getview.ru" "Mozilla/5.0 (Windows NT 10.0; WOW64) AppleWebKit/537.36 (KHTML, like Gecko) Chrome/50.0.2661.102 Safari/537.36"
[4/6/2016 10:53:40] "GET /getview.ru/ HTTP/1.1" 200 - "getview.ru" "Mozilla/5.0 (Windows NT 10.0; WOW64) AppleWebKit/537.36 (KHTML, like Gecko) Chrome/50.0.2661.102 Safari/537.36"
[4/6/2016 10:53:48] "GET /getview.ru/pages/contacts.html HTTP/1.1" 200 - "getview.ru" "Mozilla/5.0 (Windows NT 10.0; WOW64) AppleWebKit/537.36 (KHTML, like Gecko) Chrome/50.0.2661.102 Safari/537.36"
[4/6/2016 10:53:54] "GET /getview.ru/pages/contacts.html HTTP/1.1" 200 - "getview.ru" "Mozilla/5.0 (Windows NT 10.0; WOW64) AppleWebKit/537.36 (KHTML, like Gecko) Chrome/50.0.2661.102 Safari/537.36"
[4/6/2016 10:53:56] "GET /getview.ru/ HTTP/1.1" 200 - "getview.ru" "Mozilla/5.0 (Windows NT 10.0; WOW64) AppleWebKit/537.36 (KHTML, like Gecko) Chrome/50.0.2661.102 Safari/537.36"
[4/6/2016 10:53:58] "GET /getview.ru/pages/about.html HTTP/1.1" 401 - "getview.ru" "Mozilla/5.0 (Windows NT 10.0; WOW64) AppleWebKit/537.36 (KHTML, like Gecko) Chrome/50.0.2661.102 Safari/537.36"
[4/6/2016 10:54:0] "GET /favicon.ico HTTP/1.1" 404 - "favicon.ico" "Mozilla/5.0 (Windows NT 10.0; WOW64) AppleWebKit/537.36 (KHTML, like Gecko) Chrome/50.0.2661.102 Safari/537.36"
[4/6/2016 10:54:3] "GET /getview.ru/pages/contacts.html HTTP/1.1" 200 - "getview.ru" "Mozilla/5.0 (Windows NT 10.0; WOW64) AppleWebKit/537.36 (KHTML, like Gecko) Chrome/50.0.2661.102 Safari/537.36"
[4/6/2016 10:54:6] "GET /getview.ru/pages/about.html HTTP/1.1" 401 - "getview.ru" "Mozilla/5.0 (Windows NT 10.0; WOW64) AppleWebKit/537.36 (KHTML, like Gecko) Chrome/50.0.2661.102 Safari/537.36"
[4/6/2016 10:54:7] "GET /favicon.ico HTTP/1.1" 404 - "favicon.ico" "Mozilla/5.0 (Windows NT 10.0; WOW64) AppleWebKit/537.36 (KHTML, like Gecko) Chrome/50.0.2661.102 Safari/537.36"
[4/6/2016 10:54:11] "GET /getview.ru/pages/contacts.html HTTP/1.1" 200 - "getview.ru" "Mozilla/5.0 (Windows NT 10.0; WOW64) AppleWebKit/537.36 (KHTML, like Gecko) Chrome/50.0.2661.102 Safari/537.36"
[4/6/2016 10:54:13] "GET /getview.ru/pages/about.html HTTP/1.1" 401 - "getview.ru" "Mozilla/5.0 (Windows NT 10.0; WOW64) AppleWebKit/537.36 (KHTML, like Gecko) Chrome/50.0.2661.102 Safari/537.36"
[4/6/2016 10:54:14] "GET /favicon.ico HTTP/1.1" 404 - "favicon.ico" "Mozilla/5.0 (Windows NT 10.0; WOW64) AppleWebKit/537.36 (KHTML, like Gecko) Chrome/50.0.2661.102 Safari/537.36"
[4/6/2016 10:54:22] "GET /getview.ru/ HTTP/1.1" 200 - "getview.ru" "Mozilla/5.0 (Windows NT 10.0; WOW64) AppleWebKit/537.36 (KHTML, like Gecko) Chrome/50.0.2661.102 Safari/537.36"
[4/6/2016 10:54:23] "GET /getview.ru/pages/about.html HTTP/1.1" 401 - "getview.ru" "Mozilla/5.0 (Windows NT 10.0; WOW64) AppleWebKit/537.36 (KHTML, like Gecko) Chrome/50.0.2661.102 Safari/537.36"
[4/6/2016 10:54:27] "GET /getview.ru/pages/about.html?login=admin&password=admin HTTP/1.1" 200 - "getview.ru" "Mozilla/5.0 (Windows NT 10.0; WOW64) AppleWebKit/537.36 (KHTML, like Gecko) Chrome/50.0.2661.102 Safari/537.36"
[4/6/2016 10:54:28] "GET /getview.ru/pages/contacts.html HTTP/1.1" 200 - "getview.ru" "Mozilla/5.0 (Windows NT 10.0; WOW64) AppleWebKit/537.36 (KHTML, like Gecko) Chrome/50.0.2661.102 Safari/537.36"
[4/6/2016 10:54:56] "GET /getview.ru/pages/contacts.html HTTP/1.1" 200 - "getview.ru" "Mozilla/5.0 (Windows NT 10.0; WOW64) AppleWebKit/537.36 (KHTML, like Gecko) Chrome/50.0.2661.102 Safari/537.36"
[4/6/2016 10:55:1] "GET /getview.ru/pages/contacts.html HTTP/1.1" 200 - "getview.ru" "Mozilla/5.0 (Windows NT 10.0; WOW64) AppleWebKit/537.36 (KHTML, like Gecko) Chrome/50.0.2661.102 Safari/537.36"
[4/6/2016 10:55:6] "GET /getview.ru/pages/contacts.html HTTP/1.1" 200 - "getview.ru" "Mozilla/5.0 (Windows NT 10.0; WOW64) AppleWebKit/537.36 (KHTML, like Gecko) Chrome/50.0.2661.102 Safari/537.36"
[4/6/2016 10:55:9] "GET /getview.ru/pages/contacts.html HTTP/1.1" 200 - "getview.ru" "Mozilla/5.0 (Windows NT 10.0; WOW64) AppleWebKit/537.36 (KHTML, like Gecko) Chrome/50.0.2661.102 Safari/537.36"
[4/6/2016 10:55:12] "GET /getview.ru/ HTTP/1.1" 200 - "getview.ru" "Mozilla/5.0 (Windows NT 10.0; WOW64) AppleWebKit/537.36 (KHTML, like Gecko) Chrome/50.0.2661.102 Safari/537.36"
